Qflow DRC logfile created on czw, 10 cze 2021, 16:06:10 CEST
magic -dnull -noconsole  /home/kuba/Desktop/ak_2_Projekt/full-adder/qflow/layout/run_drc_full_adder.tcl

Magic 8.2 revision 157 - Compiled on Thu, 07 Nov 2019 21:14:45 +0100.
Starting magic under Tcl interpreter
Using the terminal as the console.
Using NULL graphics device.
Processing system .magicrc file
Input style lambda=0.10(p): scaleFactor=10, multiplier=1
Contact size value ignored (using GDS generation rules).
Contact size value ignored (using GDS generation rules).
Contact size value ignored (using GDS generation rules).
Contact size value ignored (using GDS generation rules).
Contact size value ignored (using GDS generation rules).
Contact size value ignored (using GDS generation rules).
Loading "/home/kuba/Desktop/ak_2_Projekt/full-adder/qflow/layout/run_drc_full_adder.tcl" from command line.
Reading LEF data from file /usr/share/qflow/tech/osu018/osu018_stdcells.lef.
This action cannot be undone.
LEF read, Line 16 (Message): Unknown keyword "OBS" in LEF file; ignoring.
LEF read, Line 17 (Message): Unknown keyword "PIN" in LEF file; ignoring.
LEF read, Line 309 (Message): Defines site core (ignored)
Moving label "CLK" from metal1 to m2contact in cell DFFNEGX1.
Moving label "CLK" from metal1 to m2contact in cell DFFNEGX1.
Moving label "A" from metal1 to m2contact in cell XNOR2X1.
LEF read: Processed 2941 lines.
Processing timestamp mismatches: BUFX2, NAND2X1, FILL, OAI21X1, INVX1, NAND3X1, OR2X2, NOR2X1, AND2X2.
drc = 0
DRC checking script ended on czw, 10 cze 2021, 16:06:10 CEST
